<?xml version="1.0" encoding="UTF-8"?>
<testng-results skipped="0" failed="0" ignored="0" total="3" passed="3">
  <reporter-output>
  </reporter-output>
  <suite name="Default suite" duration-ms="48" started-at="2018-02-04T10:00:23Z" finished-at="2018-02-04T10:00:23Z">
    <groups>
    </groups>
    <test name="Default test" duration-ms="48" started-at="2018-02-04T10:00:23Z" finished-at="2018-02-04T10:00:23Z">
      <class name="com.DataTest.DataTestEx">
        <test-method status="PASS" signature="setData(java.lang.String, java.lang.String)[pri:0, instance:com.DataTest.DataTestEx@4b1c1ea0]" name="setData" duration-ms="7" started-at="2018-02-04T15:30:23Z" data-provider="getData" finished-at="2018-02-04T15:30:23Z">
          <params>
            <param index="0">
              <value>
                <![CDATA[sampleuser1]]>
              </value>
            </param>
            <param index="1">
              <value>
                <![CDATA[abcdef]]>
              </value>
            </param>
          </params>
          <reporter-output>
          </reporter-output>
        </test-method> <!-- setData -->
        <test-method status="PASS" signature="setData(java.lang.String, java.lang.String)[pri:0, instance:com.DataTest.DataTestEx@4b1c1ea0]" name="setData" duration-ms="2" started-at="2018-02-04T15:30:23Z" data-provider="getData" finished-at="2018-02-04T15:30:23Z">
          <params>
            <param index="0">
              <value>
                <![CDATA[testuser2]]>
              </value>
            </param>
            <param index="1">
              <value>
                <![CDATA[zxcvb]]>
              </value>
            </param>
          </params>
          <reporter-output>
          </reporter-output>
        </test-method> <!-- setData -->
        <test-method status="PASS" signature="setData(java.lang.String, java.lang.String)[pri:0, instance:com.DataTest.DataTestEx@4b1c1ea0]" name="setData" duration-ms="2" started-at="2018-02-04T15:30:23Z" data-provider="getData" finished-at="2018-02-04T15:30:23Z">
          <params>
            <param index="0">
              <value>
                <![CDATA[guestuser3]]>
              </value>
            </param>
            <param index="1">
              <value>
                <![CDATA[pass123]]>
              </value>
            </param>
          </params>
          <reporter-output>
          </reporter-output>
        </test-method> <!-- setData -->
      </class> <!-- com.DataTest.DataTestEx -->
    </test> <!-- Default test -->
  </suite> <!-- Default suite -->
</testng-results>
