<?xml version="1.0" encoding="UTF-8"?>
<!-- Generated by org.testng.reporters.JUnitXMLReporter -->
<testsuite hostname="Vikash-HP" ignored="0" name="Default test" tests="3" failures="0" timestamp="04 Feb 2018 10:00:23 GMT" time="0.048" errors="0">
  <testcase name="setData" time="0.007" classname="com.DataTest.DataTestEx"/>
  <testcase name="setData" time="0.002" classname="com.DataTest.DataTestEx"/>
  <testcase name="setData" time="0.002" classname="com.DataTest.DataTestEx"/>
</testsuite> <!-- Default test -->
